#
# There is insufficient memory for the Java Runtime Environment to continue.
# Native memory allocation (mmap) failed to map 67108864 bytes for G1 virtual space
# Possible reasons:
#   The system is out of physical RAM or swap space
#   The process is running with CompressedOops enabled, and the Java Heap may be blocking the growth of the native heap
# Possible solutions:
#   Reduce memory load on the system
#   Increase physical memory or swap space
#   Check if swap backing store is full
#   Decrease Java heap size (-Xmx/-Xms)
#   Decrease number of Java threads
#   Decrease Java thread stack sizes (-Xss)
#   Set larger code cache with -XX:ReservedCodeCacheSize=
#   JVM is running with Unscaled Compressed Oops mode in which the Java heap is
#     placed in the first 4GB address space. The Java Heap base address is the
#     maximum limit for the native heap growth. Please use -XX:HeapBaseMinAddress
#     to set the Java Heap base and to place the Java Heap above 4GB virtual address.
# This output file may be truncated or incomplete.
#
#  Out of Memory Error (os_windows.cpp:3600), pid=16296, tid=17768
#
# JRE version:  (21.0.1+12) (build )
# Java VM: Java HotSpot(TM) 64-Bit Server VM (21.0.1+12-LTS-29, mixed mode, sharing, tiered, compressed oops, compressed class ptrs, g1 gc, windows-amd64)
# No core dump will be written. Minidumps are not enabled by default on client versions of Windows
#

---------------  S U M M A R Y ------------

Command Line: -Dfile.encoding=UTF-8 --module-path=C:\Users\PCP\Documents\NetBeansProjects\Hotelmanagementsystem\build\classes hotelmanagementsystem.employee_info

Host: Intel(R) Core(TM) i3-6006U CPU @ 2.00GHz, 4 cores, 3G,  Windows 10 , 64 bit Build 19041 (10.0.19041.3636)
Time: Fri Mar 29 22:58:15 2024 India Standard Time elapsed time: 0.356152 seconds (0d 0h 0m 0s)

---------------  T H R E A D  ---------------

Current thread (0x000002865f3fcd80):  JavaThread "Unknown thread" [_thread_in_vm, id=17768, stack(0x000000c7d1500000,0x000000c7d1600000) (1024K)]

Stack: [0x000000c7d1500000,0x000000c7d1600000]
Native frames: (J=compiled Java code, j=interpreted, Vv=VM code, C=native code)
V  [jvm.dll+0x6c9029]
V  [jvm.dll+0x854b81]
V  [jvm.dll+0x856e5e]
V  [jvm.dll+0x857543]
V  [jvm.dll+0x280c06]
V  [jvm.dll+0x6c5715]
V  [jvm.dll+0x6ba10a]
V  [jvm.dll+0x3557ea]
V  [jvm.dll+0x35d436]
V  [jvm.dll+0x3ae1be]
V  [jvm.dll+0x3ae468]
V  [jvm.dll+0x3291fc]
V  [jvm.dll+0x329d8b]
V  [jvm.dll+0x81d179]
V  [jvm.dll+0x3bb4f1]
V  [jvm.dll+0x805ae8]
V  [jvm.dll+0x44effe]
V  [jvm.dll+0x450901]
C  [jli.dll+0x52a3]
C  [ucrtbase.dll+0x21bb2]
C  [KERNEL32.DLL+0x17344]
C  [ntdll.dll+0x526b1]


---------------  P R O C E S S  ---------------

Threads class SMR info:
_java_thread_list=0x00007ffa2a369b88, length=0, elements={
}

Java Threads: ( => current thread )
Total: 0

Other Threads:
  0x000002866151c7f0 WorkerThread "GC Thread#0"                     [id=4892, stack(0x000000c7d1600000,0x000000c7d1700000) (1024K)]
  0x0000028661526e60 ConcurrentGCThread "G1 Main Marker"            [id=18340, stack(0x000000c7d1700000,0x000000c7d1800000) (1024K)]
  0x0000028661528100 WorkerThread "G1 Conc#0"                       [id=11348, stack(0x000000c7d1800000,0x000000c7d1900000) (1024K)]

[error occurred during error reporting (printing all threads), id 0xc0000005, EXCEPTION_ACCESS_VIOLATION (0xc0000005) at pc=0x00007ffa29adc2c7]
VM state: not at safepoint (not fully initialized)

VM Mutex/Monitor currently owned by a thread:  ([mutex/lock_event])
[0x00007ffa2a3da6f8] Heap_lock - owner thread: 0x000002865f3fcd80

Heap address: 0x00000000c1e00000, size: 994 MB, Compressed Oops mode: 32-bit

CDS archive(s) mapped at: [0x0000000000000000-0x0000000000000000-0x0000000000000000), size 0, SharedBaseAddress: 0x0000000800000000, ArchiveRelocationMode: 1.
Narrow klass base: 0x0000000000000000, Narrow klass shift: 0, Narrow klass range: 0x0

GC Precious Log:
 CardTable entry size: 512
 Card Set container configuration: InlinePtr #cards 5 size 8 Array Of Cards #cards 12 size 40 Howl #buckets 4 coarsen threshold 1843 Howl Bitmap #cards 512 size 80 coarsen threshold 460 Card regions per heap region 1 cards per card region 2048

Heap:
 garbage-first heap   total 0K, used 0K [0x00000000c1e00000, 0x0000000100000000)
  region size 1024K, 0 young (0K), 0 survivors (0K)

[error occurred during error reporting (printing heap information), id 0xc0000005, EXCEPTION_ACCESS_VIOLATION (0xc0000005) at pc=0x00007ffa29ec1be9]
GC Heap History (0 events):
No events

Dll operation events (1 events):
Event: 0.034 Loaded shared library C:\Program Files\Java\jdk-21\bin\java.dll

Deoptimization events (0 events):
No events

Classes loaded (0 events):
No events

Classes unloaded (0 events):
No events

Classes redefined (0 events):
No events

Internal exceptions (0 events):
No events

ZGC Phase Switch (0 events):
No events

VM Operations (0 events):
No events

Events (0 events):
No events


Dynamic libraries:
0x00007ff7ecf20000 - 0x00007ff7ecf30000 	C:\Program Files\Java\jdk-21\bin\java.exe
0x00007ffa6dcd0000 - 0x00007ffa6dec8000 	C:\Windows\SYSTEM32\ntdll.dll
0x00007ffa6cc50000 - 0x00007ffa6cd0d000 	C:\Windows\System32\KERNEL32.DLL
0x00007ffa6b460000 - 0x00007ffa6b756000 	C:\Windows\System32\KERNELBASE.dll
0x00007ffa6b8f0000 - 0x00007ffa6b9f0000 	C:\Windows\System32\ucrtbase.dll
0x00007ffa61ac0000 - 0x00007ffa61ad9000 	C:\Program Files\Java\jdk-21\bin\jli.dll
0x00007ffa66e60000 - 0x00007ffa66e7b000 	C:\Program Files\Java\jdk-21\bin\VCRUNTIME140.dll
0x00007ffa6da60000 - 0x00007ffa6db10000 	C:\Windows\System32\ADVAPI32.dll
0x00007ffa6d500000 - 0x00007ffa6d59e000 	C:\Windows\System32\msvcrt.dll
0x00007ffa6c250000 - 0x00007ffa6c2f0000 	C:\Windows\System32\sechost.dll
0x00007ffa6c2f0000 - 0x00007ffa6c415000 	C:\Windows\System32\RPCRT4.dll
0x00007ffa6b870000 - 0x00007ffa6b897000 	C:\Windows\System32\bcrypt.dll
0x00007ffa6beb0000 - 0x00007ffa6c04e000 	C:\Windows\System32\USER32.dll
0x00007ffa6b380000 - 0x00007ffa6b3a2000 	C:\Windows\System32\win32u.dll
0x00007ffa53670000 - 0x00007ffa5390a000 	C:\Windows\WinSxS\amd64_microsoft.windows.common-controls_6595b64144ccf1df_6.0.19041.3636_none_60b6a03d71f818d5\COMCTL32.dll
0x00007ffa6d6b0000 - 0x00007ffa6d6db000 	C:\Windows\System32\GDI32.dll
0x00007ffa6b9f0000 - 0x00007ffa6bb07000 	C:\Windows\System32\gdi32full.dll
0x00007ffa6b760000 - 0x00007ffa6b7fd000 	C:\Windows\System32\msvcp_win.dll
0x00007ffa647b0000 - 0x00007ffa647ba000 	C:\Windows\SYSTEM32\VERSION.dll
0x00007ffa6c420000 - 0x00007ffa6c452000 	C:\Windows\System32\IMM32.DLL
0x00007ffa67210000 - 0x00007ffa6721c000 	C:\Program Files\Java\jdk-21\bin\vcruntime140_1.dll
0x00007ffa49550000 - 0x00007ffa495de000 	C:\Program Files\Java\jdk-21\bin\msvcp140.dll
0x00007ffa297a0000 - 0x00007ffa2a4b5000 	C:\Program Files\Java\jdk-21\bin\server\jvm.dll
0x00007ffa6d920000 - 0x00007ffa6d98b000 	C:\Windows\System32\WS2_32.dll
0x00007ffa6a8d0000 - 0x00007ffa6a91b000 	C:\Windows\SYSTEM32\POWRPROF.dll
0x00007ffa53a60000 - 0x00007ffa53a87000 	C:\Windows\SYSTEM32\WINMM.dll
0x00007ffa6a790000 - 0x00007ffa6a7a2000 	C:\Windows\SYSTEM32\UMPDC.dll
0x00007ffa69230000 - 0x00007ffa69242000 	C:\Windows\SYSTEM32\kernel.appcore.dll
0x00007ffa67070000 - 0x00007ffa6707a000 	C:\Program Files\Java\jdk-21\bin\jimage.dll
0x00007ffa57380000 - 0x00007ffa57564000 	C:\Windows\SYSTEM32\DBGHELP.DLL
0x00007ffa57180000 - 0x00007ffa571b4000 	C:\Windows\SYSTEM32\dbgcore.DLL
0x00007ffa6bb10000 - 0x00007ffa6bb92000 	C:\Windows\System32\bcryptPrimitives.dll
0x00007ffa64d40000 - 0x00007ffa64d5f000 	C:\Program Files\Java\jdk-21\bin\java.dll

dbghelp: loaded successfully - version: 4.0.5 - missing functions: none
symbol engine: initialized successfully - sym options: 0x614 - pdb path: .;C:\Program Files\Java\jdk-21\bin;C:\Windows\SYSTEM32;C:\Windows\WinSxS\amd64_microsoft.windows.common-controls_6595b64144ccf1df_6.0.19041.3636_none_60b6a03d71f818d5;C:\Program Files\Java\jdk-21\bin\server

VM Arguments:
jvm_args: -Dfile.encoding=UTF-8 --module-path=C:\Users\PCP\Documents\NetBeansProjects\Hotelmanagementsystem\build\classes 
java_command: hotelmanagementsystem.employee_info
java_class_path (initial): C:\Users\PCP\Downloads\mysql-connector-java-8.0.28.jar;C:\Users\PCP\Downloads\rs2xml.jar;C:\Users\PCP\Documents\NetBeansProjects\Hotelmanagementsystem\build\classes
Launcher Type: SUN_STANDARD

[Global flags]
     intx CICompilerCount                          = 3                                         {product} {ergonomic}
     uint ConcGCThreads                            = 1                                         {product} {ergonomic}
     uint G1ConcRefinementThreads                  = 4                                         {product} {ergonomic}
   size_t G1HeapRegionSize                         = 1048576                                   {product} {ergonomic}
    uintx GCDrainStackTargetSize                   = 64                                        {product} {ergonomic}
   size_t InitialHeapSize                          = 67108864                                  {product} {ergonomic}
   size_t MarkStackSize                            = 4194304                                   {product} {ergonomic}
   size_t MaxHeapSize                              = 1042284544                                {product} {ergonomic}
   size_t MinHeapDeltaBytes                        = 1048576                                   {product} {ergonomic}
   size_t MinHeapSize                              = 8388608                                   {product} {ergonomic}
    uintx NonNMethodCodeHeapSize                   = 5832780                                {pd product} {ergonomic}
    uintx NonProfiledCodeHeapSize                  = 122912730                              {pd product} {ergonomic}
    uintx ProfiledCodeHeapSize                     = 122912730                              {pd product} {ergonomic}
    uintx ReservedCodeCacheSize                    = 251658240                              {pd product} {ergonomic}
     bool SegmentedCodeCache                       = true                                      {product} {ergonomic}
   size_t SoftMaxHeapSize                          = 1042284544                             {manageable} {ergonomic}
     bool UseCompressedOops                        = true                           {product lp64_product} {ergonomic}
     bool UseG1GC                                  = true                                      {product} {ergonomic}
     bool UseLargePagesIndividualAllocation        = false                                  {pd product} {ergonomic}

Logging:
Log output configuration:
 #0: stdout all=warning uptime,level,tags foldmultilines=false
 #1: stderr all=off uptime,level,tags foldmultilines=false

Environment Variables:
PATH=C:\Program Files\Common Files\Oracle\Java\javapath;C:\Windows\system32;C:\Windows;C:\Windows\System32\Wbem;C:\Windows\System32\WindowsPowerShell\v1.0\;C:\Windows\System32\OpenSSH\;C:\Program Files (x86)\NVIDIA Corporation\PhysX\Common;C:\Program Files\Microsoft SQL Server\150\Tools\Binn\;C:\Program Files\Microsoft SQL Server\Client SDK\ODBC\170\Tools\Binn\;C:\Program Files\dotnet\;C:\Program Files\MATLAB\R2023b\bin;C:\Program Files\MySQL\MySQL Shell 8.0\bin\;C:\Users\PCP\AppData\Local\Microsoft\WindowsApps;C:\Users\PCP\.dotnet\tools;C:\Users\PCP\AppData\Local\Programs\Microsoft VS Code\bin;C:\msys64\ucrt64\bin;;C:\Program Files\JetBrains\IntelliJ IDEA Community Edition 2023.3.2\bin;
USERNAME=PCP
OS=Windows_NT
PROCESSOR_IDENTIFIER=Intel64 Family 6 Model 78 Stepping 3, GenuineIntel
TMP=C:\Users\PCP\AppData\Local\Temp
TEMP=C:\Users\PCP\AppData\Local\Temp




Periodic native trim disabled

---------------  S Y S T E M  ---------------

OS:
 Windows 10 , 64 bit Build 19041 (10.0.19041.3636)
OS uptime: 6 days 19:32 hours

CPU: total 4 (initial active 4) (2 cores per cpu, 2 threads per core) family 6 model 78 stepping 3 microcode 0xcc, cx8, cmov, fxsr, ht, mmx, 3dnowpref, sse, sse2, sse3, ssse3, sse4.1, sse4.2, popcnt, lzcnt, tsc, tscinvbit, avx, avx2, aes, erms, clmul, bmi1, bmi2, adx, fma, vzeroupper, clflush, clflushopt, rdtscp, f16c
Processor Information for all 4 processors :
  Max Mhz: 1992, Current Mhz: 1992, Mhz Limit: 1992

Memory: 4k page, system-wide physical 3970M (242M free)
TotalPageFile size 16258M (AvailPageFile size 34M)
current process WorkingSet (physical memory assigned to process): 10M, peak: 10M
current process commit charge ("private bytes"): 51M, peak: 115M

vm_info: Java HotSpot(TM) 64-Bit Server VM (21.0.1+12-LTS-29) for windows-amd64 JRE (21.0.1+12-LTS-29), built on 2023-10-05T13:27:09Z by "mach5one" with MS VC++ 17.1 (VS2022)

END.
